\BOOKMARK [1][-]{section.1}{Introduction}{}% 1
\BOOKMARK [1][-]{section.2}{System Design and Implementation}{}% 2
\BOOKMARK [2][-]{subsection.2.1}{Simulation Environment Preparation}{section.2}% 3
\BOOKMARK [3][-]{subsubsection.2.1.1}{Roundabout with Intersections}{subsection.2.1}% 4
\BOOKMARK [3][-]{subsubsection.2.1.2}{Roundabout without Intersection}{subsection.2.1}% 5
\BOOKMARK [2][-]{subsection.2.2}{Sensors}{section.2}% 6
\BOOKMARK [2][-]{subsection.2.3}{Data Acquisition}{section.2}% 7
\BOOKMARK [2][-]{subsection.2.4}{Action}{section.2}% 8
\BOOKMARK [2][-]{subsection.2.5}{Reward Function}{section.2}% 9
\BOOKMARK [3][-]{subsubsection.2.5.1}{Roundabout with Intersections}{subsection.2.5}% 10
\BOOKMARK [3][-]{subsubsection.2.5.2}{Roundabout without Intersection}{subsection.2.5}% 11
\BOOKMARK [2][-]{subsection.2.6}{End Episode}{section.2}% 12
\BOOKMARK [2][-]{subsection.2.7}{DQN Parameters}{section.2}% 13
\BOOKMARK [3][-]{table.caption.14}{Model}{subsection.2.7}% 14
\BOOKMARK [3][-]{table.caption.15}{DQN}{subsection.2.7}% 15
\BOOKMARK [3][-]{table.caption.16}{Epsilon}{subsection.2.7}% 16
\BOOKMARK [2][-]{subsection.2.8}{Arsitektur Model}{section.2}% 17
\BOOKMARK [2][-]{subsection.2.9}{Training}{section.2}% 18
\BOOKMARK [1][-]{section.3}{Testing and Result}{}% 19
\BOOKMARK [2][-]{subsection.3.1}{Training DQN}{section.3}% 20
\BOOKMARK [3][-]{subsubsection.3.1.1}{DQN training at Roundabout with Intersections using Grayscale Segmentation}{subsection.3.1}% 21
\BOOKMARK [3][-]{subsubsection.3.1.2}{DQN training at Roundabout with Intersections using Advanced Segmentation}{subsection.3.1}% 22
\BOOKMARK [3][-]{subsubsection.3.1.3}{DQN training at Roundabout without Intersections using Advanced Segmentation}{subsection.3.1}% 23
\BOOKMARK [2][-]{subsection.3.2}{DQN Model Test}{section.3}% 24
\BOOKMARK [3][-]{table.caption.24}{DQN Model Test at Roundabout with Intersections using Grayscale Segmentation}{subsection.3.2}% 25
\BOOKMARK [3][-]{table.caption.26}{DQN Model Test at Roundabout with Intersections using Advanced Segmentation}{subsection.3.2}% 26
\BOOKMARK [3][-]{table.caption.28}{DQN Model Test at Roundabout without Intersections using Advanced Segmentation}{subsection.3.2}% 27
\BOOKMARK [1][-]{section.4}{Conclusion}{}% 28
\BOOKMARK [2][-]{subsection.4.1}{Conclusion}{section.4}% 29
\BOOKMARK [2][-]{subsection.4.2}{Suggestion}{section.4}% 30
\BOOKMARK [1][-]{section*.30}{References}{}% 31
